<?xml version="1.0" encoding="UTF-8"?>
<testsuite name="com.example.grpcDemo.GrpcDemoApplicationTests" tests="1" skipped="0" failures="0" errors="0" timestamp="2022-03-13T23:09:54" hostname="lucas-IdeaPad-3-15ALC6" time="0.401">
  <properties/>
  <testcase name="contextLoads()" classname="com.example.grpcDemo.GrpcDemoApplicationTests" time="0.401"/>
  <system-out><![CDATA[20:09:51.614 [Test worker] DEBUG org.springframework.test.context.BootstrapUtils - Instantiating CacheAwareContextLoaderDelegate from class [org.springframework.test.context.cache.DefaultCacheAwareContextLoaderDelegate]
20:09:51.627 [Test worker] DEBUG org.springframework.test.context.BootstrapUtils - Instantiating BootstrapContext using constructor [public org.springframework.test.context.support.DefaultBootstrapContext(java.lang.Class,org.springframework.test.context.CacheAwareContextLoaderDelegate)]
20:09:51.675 [Test worker] DEBUG org.springframework.test.context.BootstrapUtils - Instantiating TestContextBootstrapper for test class [com.example.grpcDemo.GrpcDemoApplicationTests] from class [org.springframework.boot.test.context.SpringBootTestContextBootstrapper]
20:09:51.691 [Test worker] INFO org.springframework.boot.test.context.SpringBootTestContextBootstrapper - Neither @ContextConfiguration nor @ContextHierarchy found for test class [com.example.grpcDemo.GrpcDemoApplicationTests], using SpringBootContextLoader
20:09:51.695 [Test worker] DEBUG org.springframework.test.context.support.AbstractContextLoader - Did not detect default resource location for test class [com.example.grpcDemo.GrpcDemoApplicationTests]: class path resource [com/example/grpcDemo/GrpcDemoApplicationTests-context.xml] does not exist
20:09:51.696 [Test worker] DEBUG org.springframework.test.context.support.AbstractContextLoader - Did not detect default resource location for test class [com.example.grpcDemo.GrpcDemoApplicationTests]: class path resource [com/example/grpcDemo/GrpcDemoApplicationTestsContext.groovy] does not exist
20:09:51.696 [Test worker] INFO org.springframework.test.context.support.AbstractContextLoader - Could not detect default resource locations for test class [com.example.grpcDemo.GrpcDemoApplicationTests]: no resource found for suffixes {-context.xml, Context.groovy}.
20:09:51.697 [Test worker] INFO org.springframework.test.context.support.AnnotationConfigContextLoaderUtils - Could not detect default configuration classes for test class [com.example.grpcDemo.GrpcDemoApplicationTests]: GrpcDemoApplicationTests does not declare any static, non-private, non-final, nested classes annotated with @Configuration.
20:09:51.754 [Test worker] DEBUG org.springframework.test.context.support.ActiveProfilesUtils - Could not find an 'annotation declaring class' for annotation type [org.springframework.test.context.ActiveProfiles] and class [com.example.grpcDemo.GrpcDemoApplicationTests]
20:09:51.818 [Test worker] DEBUG org.springframework.context.annotation.ClassPathScanningCandidateComponentProvider - Identified candidate component class: file [/home/lucas/Documentos/workspace/grpcDemo/build/classes/kotlin/main/com/example/grpcDemo/GrpcDemoApplication.class]
20:09:51.820 [Test worker] INFO org.springframework.boot.test.context.SpringBootTestContextBootstrapper - Found @SpringBootConfiguration com.example.grpcDemo.GrpcDemoApplication for test class com.example.grpcDemo.GrpcDemoApplicationTests
20:09:51.914 [Test worker] DEBUG org.springframework.boot.test.context.SpringBootTestContextBootstrapper - @TestExecutionListeners is not present for class [com.example.grpcDemo.GrpcDemoApplicationTests]: using defaults.
20:09:51.915 [Test worker] INFO org.springframework.boot.test.context.SpringBootTestContextBootstrapper - Loaded default TestExecutionListener class names from location [META-INF/spring.factories]: [org.springframework.boot.test.autoconfigure.restdocs.RestDocsTestExecutionListener, org.springframework.boot.test.autoconfigure.web.client.MockRestServiceServerResetTestExecutionListener, org.springframework.boot.test.autoconfigure.web.servlet.MockMvcPrintOnlyOnFailureTestExecutionListener, org.springframework.boot.test.autoconfigure.web.servlet.WebDriverTestExecutionListener, org.springframework.boot.test.autoconfigure.webservices.client.MockWebServiceServerTestExecutionListener, org.springframework.boot.test.mock.mockito.MockitoTestExecutionListener, org.springframework.boot.test.mock.mockito.ResetMocksTestExecutionListener, org.springframework.test.context.web.ServletTestExecutionListener, org.springframework.test.context.support.DirtiesContextBeforeModesTestExecutionListener, org.springframework.test.context.event.ApplicationEventsTestExecutionListener, org.springframework.test.context.support.DependencyInjectionTestExecutionListener, org.springframework.test.context.support.DirtiesContextTestExecutionListener, org.springframework.test.context.transaction.TransactionalTestExecutionListener, org.springframework.test.context.jdbc.SqlScriptsTestExecutionListener, org.springframework.test.context.event.EventPublishingTestExecutionListener]
20:09:51.929 [Test worker] DEBUG org.springframework.boot.test.context.SpringBootTestContextBootstrapper - Skipping candidate TestExecutionListener [org.springframework.test.context.transaction.TransactionalTestExecutionListener] due to a missing dependency. Specify custom listener classes or make the default listener classes and their required dependencies available. Offending class: [org/springframework/transaction/interceptor/TransactionAttributeSource]
20:09:51.930 [Test worker] DEBUG org.springframework.boot.test.context.SpringBootTestContextBootstrapper - Skipping candidate TestExecutionListener [org.springframework.test.context.jdbc.SqlScriptsTestExecutionListener] due to a missing dependency. Specify custom listener classes or make the default listener classes and their required dependencies available. Offending class: [org/springframework/transaction/interceptor/TransactionAttribute]
20:09:51.931 [Test worker] INFO org.springframework.boot.test.context.SpringBootTestContextBootstrapper - Using TestExecutionListeners: [org.springframework.test.context.web.ServletTestExecutionListener@4a3329b9, org.springframework.test.context.support.DirtiesContextBeforeModesTestExecutionListener@3dddefd8, org.springframework.test.context.event.ApplicationEventsTestExecutionListener@160ac7fb, org.springframework.boot.test.mock.mockito.MockitoTestExecutionListener@12bfd80d, org.springframework.boot.test.autoconfigure.SpringBootDependencyInjectionTestExecutionListener@41925502, org.springframework.test.context.support.DirtiesContextTestExecutionListener@13e3c1c7, org.springframework.test.context.event.EventPublishingTestExecutionListener@5316e95f, org.springframework.boot.test.autoconfigure.restdocs.RestDocsTestExecutionListener@3f053c80, org.springframework.boot.test.autoconfigure.web.client.MockRestServiceServerResetTestExecutionListener@6c6c5427, org.springframework.boot.test.autoconfigure.web.servlet.MockMvcPrintOnlyOnFailureTestExecutionListener@618c5d94, org.springframework.boot.test.autoconfigure.web.servlet.WebDriverTestExecutionListener@5b40ceb, org.springframework.boot.test.autoconfigure.webservices.client.MockWebServiceServerTestExecutionListener@13c3c1e1, org.springframework.boot.test.mock.mockito.ResetMocksTestExecutionListener@1d8062d2]
20:09:51.934 [Test worker] DEBUG org.springframework.test.context.support.AbstractDirtiesContextTestExecutionListener - Before test class: context [DefaultTestContext@4bff1903 testClass = GrpcDemoApplicationTests, testInstance = [null], testMethod = [null], testException = [null], mergedContextConfiguration = [WebMergedContextConfiguration@62dae540 testClass = GrpcDemoApplicationTests, locations = '{}', classes = '{class com.example.grpcDemo.GrpcDemoApplication}', contextInitializerClasses = '[]', activeProfiles = '{}', propertySourceLocations = '{}', propertySourceProperties = '{org.springframework.boot.test.context.SpringBootTestContextBootstrapper=true}', contextCustomizers = set[org.springframework.boot.test.autoconfigure.actuate.metrics.MetricsExportContextCustomizerFactory$DisableMetricExportContextCustomizer@2421cc4, org.springframework.boot.test.autoconfigure.properties.PropertyMappingContextCustomizer@0, org.springframework.boot.test.autoconfigure.web.servlet.WebDriverContextCustomizerFactory$Customizer@27216cd, org.springframework.boot.test.context.filter.ExcludeFilterContextCustomizer@6c2c1385, org.springframework.boot.test.json.DuplicateJsonObjectContextCustomizerFactory$DuplicateJsonObjectContextCustomizer@78641d23, org.springframework.boot.test.mock.mockito.MockitoContextCustomizer@0, org.springframework.boot.test.web.client.TestRestTemplateContextCustomizer@10a9d961, org.springframework.boot.test.context.SpringBootTestArgs@1, org.springframework.boot.test.context.SpringBootTestWebEnvironment@5609159b], resourceBasePath = 'src/main/webapp', contextLoader = 'org.springframework.boot.test.context.SpringBootContextLoader', parent = [null]], attributes = map['org.springframework.test.context.web.ServletTestExecutionListener.activateListener' -> true]], class annotated with @DirtiesContext [false] with mode [null].

  .   ____          _            __ _ _
 /\\ / ___'_ __ _ _(_)_ __  __ _ \ \ \ \
( ( )\___ | '_ | '_| | '_ \/ _` | \ \ \ \
 \\/  ___)| |_)| | | | | || (_| |  ) ) ) )
  '  |____| .__|_| |_|_| |_\__, | / / / /
 =========|_|==============|___/=/_/_/_/
 :: Spring Boot ::                (v2.6.4)

2022-03-13 20:09:52.240  INFO 23797 --- [    Test worker] c.e.grpcDemo.GrpcDemoApplicationTests    : Starting GrpcDemoApplicationTests using Java 17.0.1 on lucas-IdeaPad-3-15ALC6 with PID 23797 (started by lucas in /home/lucas/Documentos/workspace/grpcDemo)
2022-03-13 20:09:52.242  INFO 23797 --- [    Test worker] c.e.grpcDemo.GrpcDemoApplicationTests    : No active profile set, falling back to 1 default profile: "default"
2022-03-13 20:09:54.164  INFO 23797 --- [    Test worker] c.e.grpcDemo.GrpcDemoApplicationTests    : Started GrpcDemoApplicationTests in 2.19 seconds (JVM running for 3.496)
]]></system-out>
  <system-err><![CDATA[]]></system-err>
</testsuite>
